<?xml version="1.0" encoding="UTF-8"?>
<!-- Generated by org.testng.reporters.JUnitReportReporter -->
<testsuite skipped="0" hostname="zchekir-lt" name="Zak.OpenBrowser" tests="3" failures="0" timestamp="2020-04-14T09:57:50 EDT" time="19.504" errors="0">
  <testcase name="webDriver" time="9.062" classname="Zak.OpenBrowser"/>
  <system-out/>
  <testcase name="clickLogin" time="4.249" classname="Zak.OpenBrowser"/>
  <system-out/>
  <testcase name="EnterCredentials" time="6.193" classname="Zak.OpenBrowser"/>
  <system-out/>
</testsuite> <!-- Zak.OpenBrowser -->
