<?xml version="1.0" encoding="UTF-8"?>
<!-- Generated by org.testng.reporters.JUnitReportReporter -->
<testsuite skipped="0" hostname="zchekir-lt" name="com.expedia.TestCases.CreatingAccountTest" tests="1" failures="0" timestamp="2020-04-16T14:41:30 EDT" time="11.860" errors="0">
  <testcase name="launchBrowser" time="11.860" classname="com.expedia.TestCases.CreatingAccountTest"/>
  <system-out/>
</testsuite> <!-- com.expedia.TestCases.CreatingAccountTest -->
