<?xml version="1.0" encoding="UTF-8"?>
<!-- Generated by org.testng.reporters.JUnitReportReporter -->
<testsuite skipped="0" hostname="Zkapadia-LT" name="com.expedia.TestCases.DataTest" tests="1" failures="0" timestamp="2020-04-22T12:04:38 EDT" time="17.540" errors="0">
  <testcase name="ExcelData" time="17.540" classname="com.expedia.TestCases.DataTest"/>
  <system-out/>
</testsuite> <!-- com.expedia.TestCases.DataTest -->
