<?xml version="1.0" encoding="UTF-8"?>
<!-- Generated by org.testng.reporters.JUnitReportReporter -->
<testsuite skipped="0" hostname="Zkapadia-LT" name="com.expedia.TestCases.BookingFlightTest" tests="1" failures="0" timestamp="2020-04-23T18:10:56 EDT" time="8.334" errors="0">
  <testcase name="BookingFlight" time="8.334" classname="com.expedia.TestCases.BookingFlightTest"/>
  <system-out/>
</testsuite> <!-- com.expedia.TestCases.BookingFlightTest -->
