<?xml version="1.0" encoding="UTF-8"?>
<!-- Generated by org.testng.reporters.JUnitReportReporter -->
<testsuite skipped="0" hostname="Zkapadia-LT" name="com.expedia.TestCases.SignInTest" tests="1" failures="0" timestamp="2020-04-21T17:37:02 EDT" time="13.259" errors="0">
  <testcase name="ExcelData" time="13.259" classname="com.expedia.TestCases.SignInTest"/>
  <system-out/>
</testsuite> <!-- com.expedia.TestCases.SignInTest -->
