<?xml version="1.0" encoding="UTF-8"?>
<!-- Generated by org.testng.reporters.JUnitReportReporter -->
<testsuite skipped="0" hostname="Zkapadia-LT" name="com.expedia.TestCases.CreatingAccountTest" tests="2" failures="0" timestamp="2020-04-26T01:26:07 EDT" time="31.098" errors="0">
  <testcase name="ExpediaTitleValidation" time="14.462" classname="com.expedia.TestCases.CreatingAccountTest"/>
  <system-out/>
  <testcase name="ValidateLogo" time="16.636" classname="com.expedia.TestCases.CreatingAccountTest"/>
  <system-out/>
</testsuite> <!-- com.expedia.TestCases.CreatingAccountTest -->
