<?xml version="1.0" encoding="UTF-8"?>
<!-- Generated by org.testng.reporters.JUnitReportReporter -->
<testsuite skipped="0" hostname="Zkapadia-LT" name="com.expedia.TestCases.DataTest" tests="1" failures="0" timestamp="2020-04-21T17:40:40 EDT" time="11.639" errors="0">
  <testcase name="ExcelData" time="11.639" classname="com.expedia.TestCases.DataTest"/>
  <system-out/>
</testsuite> <!-- com.expedia.TestCases.DataTest -->
