<?xml version="1.0" encoding="UTF-8"?>
<!-- Generated by org.testng.reporters.JUnitReportReporter -->
<testsuite skipped="0" hostname="zchekir-lt" name="com.expedia.TestCases.BookingFlightTest" tests="1" failures="0" timestamp="2020-04-17T13:11:44 EDT" time="0.010" errors="0">
  <testcase name="BookingFlight" time="0.010" classname="com.expedia.TestCases.BookingFlightTest"/>
  <system-out/>
</testsuite> <!-- com.expedia.TestCases.BookingFlightTest -->
