<?xml version="1.0" encoding="UTF-8"?>
<!-- Generated by org.testng.reporters.JUnitReportReporter -->
<testsuite skipped="0" hostname="Zkapadia-LT" name="com.expedia.TestCases.DataTest" tests="1" failures="0" timestamp="2020-04-28T16:35:35 EDT" time="15.247" errors="0">
  <testcase name="ReadExcelData" time="15.247" classname="com.expedia.TestCases.DataTest"/>
  <system-out/>
</testsuite> <!-- com.expedia.TestCases.DataTest -->
