<?xml version="1.0" encoding="UTF-8"?>
<!-- Generated by org.testng.reporters.JUnitReportReporter -->
<testsuite skipped="0" hostname="zchekir-lt" name="com.expedia.TestCases.SearchingFlightReservationTest" tests="1" failures="0" timestamp="2020-04-16T14:33:05 EDT" time="0.008" errors="0">
  <testcase name="SearchingFlightReservationt" time="0.008" classname="com.expedia.TestCases.SearchingFlightReservationTest"/>
  <system-out/>
</testsuite> <!-- com.expedia.TestCases.SearchingFlightReservationTest -->
