<?xml version="1.0" encoding="UTF-8"?>
<!-- Generated by org.testng.reporters.JUnitReportReporter -->
<testsuite skipped="0" hostname="Zkapadia-LT" name="com.expedia.TestCases.CreatingAccountTest" tests="1" failures="0" timestamp="2020-04-22T18:14:23 EDT" time="13.203" errors="0">
  <testcase name="ExpediaTitleValidation" time="13.203" classname="com.expedia.TestCases.CreatingAccountTest"/>
  <system-out/>
</testsuite> <!-- com.expedia.TestCases.CreatingAccountTest -->
