<?xml version="1.0" encoding="UTF-8"?>
<!-- Generated by org.testng.reporters.JUnitReportReporter -->
<testsuite skipped="0" hostname="zchekir-lt" name="com.expedia.TestCases.TC_CreatingAccount" tests="1" failures="0" timestamp="2020-04-16T12:33:22 EDT" time="18.007" errors="0">
  <testcase name="setUp" time="18.007" classname="com.expedia.TestCases.TC_CreatingAccount"/>
  <system-out/>
</testsuite> <!-- com.expedia.TestCases.TC_CreatingAccount -->
