<?xml version="1.0" encoding="UTF-8"?>
<!-- Generated by org.testng.reporters.JUnitReportReporter -->
<testsuite skipped="0" hostname="Zkapadia-LT" name="com.expedia.TestCases.CreatingAccountTest" tests="1" failures="0" timestamp="2020-04-23T18:18:39 EDT" time="10.429" errors="0">
  <testcase name="ExpediaTitleValidation" time="10.429" classname="com.expedia.TestCases.CreatingAccountTest"/>
  <system-out/>
</testsuite> <!-- com.expedia.TestCases.CreatingAccountTest -->
