<?xml version="1.0" encoding="UTF-8"?>
<!-- Generated by org.testng.reporters.JUnitReportReporter -->
<testsuite skipped="0" hostname="Zkapadia-LT" name="com.expedia.TestCases.CreatingAccountTest" tests="1" failures="0" timestamp="2020-04-20T18:08:43 EDT" time="5.787" errors="0">
  <testcase name="launchBrowser" time="5.787" classname="com.expedia.TestCases.CreatingAccountTest"/>
  <system-out/>
</testsuite> <!-- com.expedia.TestCases.CreatingAccountTest -->
